<?xml version="1.0" encoding="UTF-8"?>
<testng-results skipped="0" failed="0" ignored="0" total="4" passed="4">
  <reporter-output>
  </reporter-output>
  <suite name="Default suite" duration-ms="306" started-at="2017-07-28T11:41:21Z" finished-at="2017-07-28T11:41:21Z">
    <groups>
    </groups>
    <test name="Default test" duration-ms="306" started-at="2017-07-28T11:41:21Z" finished-at="2017-07-28T11:41:21Z">
      <class name="Selenium29.dataDriven2">
        <test-method status="PASS" signature="add(java.lang.String, java.lang.String, java.lang.String)[pri:0, instance:Selenium29.dataDriven2@28d25987]" name="add" duration-ms="13" started-at="2017-07-28T20:41:21Z" data-provider="testdata" finished-at="2017-07-28T20:41:21Z">
          <params>
            <param index="0">
              <value>
                <![CDATA[10]]>
              </value>
            </param>
            <param index="1">
              <value>
                <![CDATA[20]]>
              </value>
            </param>
            <param index="2">
              <value>
                <![CDATA[30]]>
              </value>
            </param>
          </params>
          <reporter-output>
          </reporter-output>
        </test-method> <!-- add -->
        <test-method status="PASS" signature="add(java.lang.String, java.lang.String, java.lang.String)[pri:0, instance:Selenium29.dataDriven2@28d25987]" name="add" duration-ms="3" started-at="2017-07-28T20:41:21Z" data-provider="testdata" finished-at="2017-07-28T20:41:21Z">
          <params>
            <param index="0">
              <value>
                <![CDATA[11]]>
              </value>
            </param>
            <param index="1">
              <value>
                <![CDATA[21]]>
              </value>
            </param>
            <param index="2">
              <value>
                <![CDATA[31]]>
              </value>
            </param>
          </params>
          <reporter-output>
          </reporter-output>
        </test-method> <!-- add -->
        <test-method status="PASS" signature="add(java.lang.String, java.lang.String, java.lang.String)[pri:0, instance:Selenium29.dataDriven2@28d25987]" name="add" duration-ms="1" started-at="2017-07-28T20:41:21Z" data-provider="testdata" finished-at="2017-07-28T20:41:21Z">
          <params>
            <param index="0">
              <value>
                <![CDATA[12]]>
              </value>
            </param>
            <param index="1">
              <value>
                <![CDATA[22]]>
              </value>
            </param>
            <param index="2">
              <value>
                <![CDATA[32]]>
              </value>
            </param>
          </params>
          <reporter-output>
          </reporter-output>
        </test-method> <!-- add -->
        <test-method status="PASS" signature="add(java.lang.String, java.lang.String, java.lang.String)[pri:0, instance:Selenium29.dataDriven2@28d25987]" name="add" duration-ms="10" started-at="2017-07-28T20:41:21Z" data-provider="testdata" finished-at="2017-07-28T20:41:21Z">
          <params>
            <param index="0">
              <value>
                <![CDATA[13]]>
              </value>
            </param>
            <param index="1">
              <value>
                <![CDATA[23]]>
              </value>
            </param>
            <param index="2">
              <value>
                <![CDATA[33]]>
              </value>
            </param>
          </params>
          <reporter-output>
          </reporter-output>
        </test-method> <!-- add -->
      </class> <!-- Selenium29.dataDriven2 -->
    </test> <!-- Default test -->
  </suite> <!-- Default suite -->
</testng-results>
