<?xml version="1.0" encoding="UTF-8"?>
<!-- Generated by org.testng.reporters.JUnitXMLReporter -->
<testsuite hostname="DESKTOP-Q7DGRQM" ignored="0" name="SanityTests" tests="6" failures="0" timestamp="27 七月 2017 03:00:04 GMT" time="0.088" errors="0">
  <testcase name="addVendor" time="0.007" classname="Selenium28.NewTest1"/>
  <testcase name="deleteCurrency" time="0.003" classname="Selenium28.NewTest2"/>
  <testcase name="addProduct" time="0.002" classname="Selenium28.NewTest1"/>
  <testcase name="deleteProduct" time="0.001" classname="Selenium28.NewTest2"/>
  <testcase name="addCurrency" time="0.002" classname="Selenium28.NewTest1"/>
  <testcase name="deleteVendor" time="0.001" classname="Selenium28.NewTest2"/>
</testsuite> <!-- SanityTests -->
