<?xml version="1.0" encoding="UTF-8"?>
<!-- Generated by org.testng.reporters.JUnitXMLReporter -->
<testsuite hostname="DESKTOP-Q7DGRQM" ignored="0" name="Test" tests="6" failures="0" timestamp="27 七月 2017 03:45:03 GMT" time="0.053" errors="0">
  <testcase name="testCase1" time="0.011" classname="Selenium28.NewTest5"/>
  <testcase name="testCase4" time="0.011" classname="Selenium28.NewTest6"/>
  <testcase name="testCase2" time="0.002" classname="Selenium28.NewTest5"/>
  <testcase name="testCase3" time="0.002" classname="Selenium28.NewTest5"/>
  <testcase name="testCase5" time="0.001" classname="Selenium28.NewTest6"/>
  <testcase name="testCase6" time="0.001" classname="Selenium28.NewTest6"/>
</testsuite> <!-- Test -->
